This is pdfTeX, Version 3.141592653-2.6-1.40.23 (TeX Live 2021/W32TeX) (preloaded format=pdflatex 2021.11.24)  19 JUN 2024 23:44
entering extended mode
 restricted \write18 enabled.
 %&-line parsing enabled.
**D.tex
(./D.tex
LaTeX2e <2021-11-15>
L3 programming layer <2021-11-12>
(c:/texlive/2021/texmf-dist/tex/latex/base/article.cls
Document Class: article 2021/10/04 v1.4n Standard LaTeX document class
(c:/texlive/2021/texmf-dist/tex/latex/base/size10.clo
File: size10.clo 2021/10/04 v1.4n Standard LaTeX file (size option)
)
\c@part=\count183
\c@section=\count184
\c@subsection=\count185
\c@subsubsection=\count186
\c@paragraph=\count187
\c@subparagraph=\count188
\c@figure=\count189
\c@table=\count190
\abovecaptionskip=\skip47
\belowcaptionskip=\skip48
\bibindent=\dimen138
)
(c:/texlive/2021/texmf-dist/tex/latex/base/fontenc.sty
Package: fontenc 2021/04/29 v2.0v Standard LaTeX package
)
(c:/texlive/2021/texmf-dist/tex/latex/base/inputenc.sty
Package: inputenc 2021/02/14 v1.3d Input encoding file
\inpenc@prehook=\toks16
\inpenc@posthook=\toks17

(c:/texlive/2021/texmf-dist/tex/latex/base/latin9.def
File: latin9.def 2021/02/14 v1.3d Input encoding file
))
(c:/texlive/2021/texmf-dist/tex/latex/amsmath/amsmath.sty
Package: amsmath 2021/10/15 v2.17l AMS math features
\@mathmargin=\skip49

For additional information on amsmath, use the `?' option.
(c:/texlive/2021/texmf-dist/tex/latex/amsmath/amstext.sty
Package: amstext 2021/08/26 v2.01 AMS text

(c:/texlive/2021/texmf-dist/tex/latex/amsmath/amsgen.sty
File: amsgen.sty 1999/11/30 v2.0 generic functions
\@emptytoks=\toks18
\ex@=\dimen139
))
(c:/texlive/2021/texmf-dist/tex/latex/amsmath/amsbsy.sty
Package: amsbsy 1999/11/29 v1.2d Bold Symbols
\pmbraise@=\dimen140
)
(c:/texlive/2021/texmf-dist/tex/latex/amsmath/amsopn.sty
Package: amsopn 2021/08/26 v2.02 operator names
)
\inf@bad=\count191
LaTeX Info: Redefining \frac on input line 234.
\uproot@=\count192
\leftroot@=\count193
LaTeX Info: Redefining \overline on input line 399.
\classnum@=\count194
\DOTSCASE@=\count195
LaTeX Info: Redefining \ldots on input line 496.
LaTeX Info: Redefining \dots on input line 499.
LaTeX Info: Redefining \cdots on input line 620.
\Mathstrutbox@=\box50
\strutbox@=\box51
\big@size=\dimen141
LaTeX Font Info:    Redeclaring font encoding OML on input line 743.
LaTeX Font Info:    Redeclaring font encoding OMS on input line 744.
\macc@depth=\count196
\c@MaxMatrixCols=\count197
\dotsspace@=\muskip16
\c@parentequation=\count198
\dspbrk@lvl=\count199
\tag@help=\toks19
\row@=\count266
\column@=\count267
\maxfields@=\count268
\andhelp@=\toks20
\eqnshift@=\dimen142
\alignsep@=\dimen143
\tagshift@=\dimen144
\tagwidth@=\dimen145
\totwidth@=\dimen146
\lineht@=\dimen147
\@envbody=\toks21
\multlinegap=\skip50
\multlinetaggap=\skip51
\mathdisplay@stack=\toks22
LaTeX Info: Redefining \[ on input line 2938.
LaTeX Info: Redefining \] on input line 2939.
)
(c:/texlive/2021/texmf-dist/tex/latex/graphics/graphicx.sty
Package: graphicx 2021/09/16 v1.2d Enhanced LaTeX Graphics (DPC,SPQR)

(c:/texlive/2021/texmf-dist/tex/latex/graphics/keyval.sty
Package: keyval 2014/10/28 v1.15 key=value parser (DPC)
\KV@toks@=\toks23
)
(c:/texlive/2021/texmf-dist/tex/latex/graphics/graphics.sty
Package: graphics 2021/03/04 v1.4d Standard LaTeX Graphics (DPC,SPQR)

(c:/texlive/2021/texmf-dist/tex/latex/graphics/trig.sty
Package: trig 2021/08/11 v1.11 sin cos tan (DPC)
)
(c:/texlive/2021/texmf-dist/tex/latex/graphics-cfg/graphics.cfg
File: graphics.cfg 2016/06/04 v1.11 sample graphics configuration
)
Package graphics Info: Driver file: pdftex.def on input line 107.

(c:/texlive/2021/texmf-dist/tex/latex/graphics-def/pdftex.def
File: pdftex.def 2020/10/05 v1.2a Graphics/color driver for pdftex
))
\Gin@req@height=\dimen148
\Gin@req@width=\dimen149
)
(c:/texlive/2021/texmf-dist/tex/generic/babel/babel.sty
Package: babel 2021/11/08 3.66 The Babel package
\babel@savecnt=\count269
\U@D=\dimen150
\l@unhyphenated=\language87

(c:/texlive/2021/texmf-dist/tex/generic/babel/txtbabel.def)
\bbl@readstream=\read2
\bbl@dirlevel=\count270

(c:/texlive/2021/texmf-dist/tex/generic/babel-english/english.ldf
Language: english 2017/06/06 v3.3r English support from the babel system
Package babel Info: Hyphen rules for 'canadian' set to \l@english
(babel)             (\language0). Reported on input line 102.
Package babel Info: Hyphen rules for 'australian' set to \l@ukenglish
(babel)             (\language21). Reported on input line 105.
Package babel Info: Hyphen rules for 'newzealand' set to \l@ukenglish
(babel)             (\language21). Reported on input line 108.
))
(c:/texlive/2021/texmf-dist/tex/latex/l3backend/l3backend-pdftex.def
File: l3backend-pdftex.def 2021-10-18 L3 backend support: PDF output (pdfTeX)
\l__color_backend_stack_int=\count271
\l__pdf_internal_box=\box52
) (./D.aux)
\openout1 = `D.aux'.

LaTeX Font Info:    Checking defaults for OML/cmm/m/it on input line 9.
LaTeX Font Info:    ... okay on input line 9.
LaTeX Font Info:    Checking defaults for OMS/cmsy/m/n on input line 9.
LaTeX Font Info:    ... okay on input line 9.
LaTeX Font Info:    Checking defaults for OT1/cmr/m/n on input line 9.
LaTeX Font Info:    ... okay on input line 9.
LaTeX Font Info:    Checking defaults for T1/cmr/m/n on input line 9.
LaTeX Font Info:    ... okay on input line 9.
LaTeX Font Info:    Checking defaults for TS1/cmr/m/n on input line 9.
LaTeX Font Info:    ... okay on input line 9.
LaTeX Font Info:    Checking defaults for OMX/cmex/m/n on input line 9.
LaTeX Font Info:    ... okay on input line 9.
LaTeX Font Info:    Checking defaults for U/cmr/m/n on input line 9.
LaTeX Font Info:    ... okay on input line 9.
(c:/texlive/2021/texmf-dist/tex/context/base/mkii/supp-pdf.mkii
[Loading MPS to PDF converter (version 2006.09.02).]
\scratchcounter=\count272
\scratchdimen=\dimen151
\scratchbox=\box53
\nofMPsegments=\count273
\nofMParguments=\count274
\everyMPshowfont=\toks24
\MPscratchCnt=\count275
\MPscratchDim=\dimen152
\MPnumerator=\count276
\makeMPintoPDFobject=\count277
\everyMPtoPDFconversion=\toks25
) (c:/texlive/2021/texmf-dist/tex/latex/epstopdf-pkg/epstopdf-base.sty
Package: epstopdf-base 2020-01-24 v2.11 Base part for package epstopdf
Package epstopdf-base Info: Redefining graphics rule for `.eps' on input line 4
85.

(c:/texlive/2021/texmf-dist/tex/latex/latexconfig/epstopdf-sys.cfg
File: epstopdf-sys.cfg 2010/07/13 v1.3 Configuration of (r)epstopdf for TeX Liv
e
))
<pic/gpdH-b-noD.pdf, id=1, 542.025pt x 344.28625pt>
File: pic/gpdH-b-noD.pdf Graphic file (type pdf)
<use pic/gpdH-b-noD.pdf>
Package pdftex.def Info: pic/gpdH-b-noD.pdf  used on input line 12.
(pdftex.def)             Requested size: 271.01183pt x 172.1427pt.
<pic/gpdE-b-noD.pdf, id=2, 542.025pt x 348.30125pt>
File: pic/gpdE-b-noD.pdf Graphic file (type pdf)
<use pic/gpdE-b-noD.pdf>
Package pdftex.def Info: pic/gpdE-b-noD.pdf  used on input line 14.
(pdftex.def)             Requested size: 271.01183pt x 174.15019pt.
 [1{c:/texlive/2021/texmf-var/fonts/map/pdftex/updmap/pdftex.map}

 <./pic/gpdH-b-noD.pdf> <./pic/gpdE-b-noD.pdf

pdfTeX warning: pdflatex.exe (file ./pic/gpdE-b-noD.pdf): PDF inclusion: multip
le pdfs with page group included in a single page
>]
Overfull \hbox (19.2456pt too wide) detected at line 45
[]
 []


Overfull \hbox (19.2456pt too wide) detected at line 54
[]
 []

[2]
<pic/h-a-2d-D.pdf, id=43, 278.03876pt x 169.63374pt>
File: pic/h-a-2d-D.pdf Graphic file (type pdf)
<use pic/h-a-2d-D.pdf>
Package pdftex.def Info: pic/h-a-2d-D.pdf  used on input line 81.
(pdftex.def)             Requested size: 278.03807pt x 169.63332pt.
<pic/h-a-2d-noD.pdf, id=44, 278.03876pt x 174.6525pt>
File: pic/h-a-2d-noD.pdf Graphic file (type pdf)
<use pic/h-a-2d-noD.pdf>
Package pdftex.def Info: pic/h-a-2d-noD.pdf  used on input line 86.
(pdftex.def)             Requested size: 278.03807pt x 174.65207pt.
 [3 <./pic/h-a-2d-D.pdf>]
<pic/hd-b-2d.pdf, id=68, 278.03876pt x 163.61125pt>
File: pic/hd-b-2d.pdf Graphic file (type pdf)
<use pic/hd-b-2d.pdf>
Package pdftex.def Info: pic/hd-b-2d.pdf  used on input line 108.
(pdftex.def)             Requested size: 278.03807pt x 163.61084pt.

Overfull \hbox (105.47952pt too wide) detected at line 117
[]
 []


Overfull \hbox (35.31381pt too wide) in paragraph at lines 125--128
[]\T1/cmr/m/n/10 And if the di-ver-gence around $\OT1/cmr/m/n/10 1 \OMS/cmsy/m/
n/10 ^^@ \OML/cmm/m/it/10 y \OT1/cmr/m/n/10 = 0$ \T1/cmr/m/n/10 can-cel we have
 $[][] \OML/cmm/m/it/10 d\OT1/cmr/m/n/10 (\OML/cmm/m/it/10 y\OT1/cmr/m/n/10 )\O
ML/cmm/m/it/10 f\OT1/cmr/m/n/10 (\OML/cmm/m/it/10 y; ^^X; t\OT1/cmr/m/n/10 )[]\
OML/cmm/m/it/10 D\OT1/cmr/m/n/10 ([]\OML/cmm/m/it/10 ; t\OT1/cmr/m/n/10 ) =
 []

[4 <./pic/h-a-2d-noD.pdf>] [5 <./pic/hd-b-2d.pdf>]
<pic/f-b-2d-full.pdf, id=121, 274.02374pt x 159.59625pt>
File: pic/f-b-2d-full.pdf Graphic file (type pdf)
<use pic/f-b-2d-full.pdf>
Package pdftex.def Info: pic/f-b-2d-full.pdf  used on input line 167.
(pdftex.def)             Requested size: 274.02307pt x 159.59584pt.
<pic/gpdH-b-D.pdf, id=122, 542.025pt x 344.28625pt>
File: pic/gpdH-b-D.pdf Graphic file (type pdf)
<use pic/gpdH-b-D.pdf>
Package pdftex.def Info: pic/gpdH-b-D.pdf  used on input line 181.
(pdftex.def)             Requested size: 271.01183pt x 172.1427pt.
<pic/gpdE-b-D.pdf, id=123, 542.025pt x 348.30125pt>
File: pic/gpdE-b-D.pdf Graphic file (type pdf)
<use pic/gpdE-b-D.pdf>
Package pdftex.def Info: pic/gpdE-b-D.pdf  used on input line 183.
(pdftex.def)             Requested size: 271.01183pt x 174.15019pt.
File: pic/gpdH-b-noD.pdf Graphic file (type pdf)
<use pic/gpdH-b-noD.pdf>
Package pdftex.def Info: pic/gpdH-b-noD.pdf  used on input line 189.
(pdftex.def)             Requested size: 271.01183pt x 172.1427pt.
File: pic/gpdE-b-noD.pdf Graphic file (type pdf)
<use pic/gpdE-b-noD.pdf>
Package pdftex.def Info: pic/gpdE-b-noD.pdf  used on input line 191.
(pdftex.def)             Requested size: 271.01183pt x 174.15019pt.
 [6 <./pic/f-b-2d-full.pdf>]
[7 <./pic/gpdH-b-D.pdf> <./pic/gpdE-b-D.pdf

pdfTeX warning: pdflatex.exe (file ./pic/gpdE-b-D.pdf): PDF inclusion: multiple
 pdfs with page group included in a single page
>] [8] (./D.aux) ) 
Here is how much of TeX's memory you used:
 3215 strings out of 478371
 50278 string characters out of 5852527
 378710 words of memory out of 5000000
 21323 multiletter control sequences out of 15000+600000
 406181 words of font info for 32 fonts, out of 8000000 for 9000
 1141 hyphenation exceptions out of 8191
 55i,13n,62p,218b,226s stack positions out of 5000i,500n,10000p,200000b,80000s
{c:/texlive/2021/texmf-dist/fonts/enc/dvips/cm-super/cm-super
-t1.enc}<c:/texlive/2021/texmf-dist/fonts/type1/public/amsfonts/cm/cmex10.pfb><
c:/texlive/2021/texmf-dist/fonts/type1/public/amsfonts/cm/cmmi10.pfb><c:/texliv
e/2021/texmf-dist/fonts/type1/public/amsfonts/cm/cmmi5.pfb><c:/texlive/2021/tex
mf-dist/fonts/type1/public/amsfonts/cm/cmmi7.pfb><c:/texlive/2021/texmf-dist/fo
nts/type1/public/amsfonts/cm/cmr10.pfb><c:/texlive/2021/texmf-dist/fonts/type1/
public/amsfonts/cm/cmr5.pfb><c:/texlive/2021/texmf-dist/fonts/type1/public/amsf
onts/cm/cmr7.pfb><c:/texlive/2021/texmf-dist/fonts/type1/public/amsfonts/cm/cms
y10.pfb><c:/texlive/2021/texmf-dist/fonts/type1/public/amsfonts/cm/cmsy5.pfb><c
:/texlive/2021/texmf-dist/fonts/type1/public/amsfonts/cm/cmsy7.pfb><c:/texlive/
2021/texmf-dist/fonts/type1/public/cm-super/sfrm1000.pfb>
Output written on D.pdf (8 pages, 267732 bytes).
PDF statistics:
 218 PDF objects out of 1000 (max. 8388607)
 140 compressed objects within 2 object streams
 0 named destinations out of 1000 (max. 500000)
 41 words of extra memory for PDF output out of 10000 (max. 10000000)

